2025-04-10 14:28:41,499 [INFO] Honeypot running on 0.0.0.0:2222
2025-04-10 14:29:00,293 [INFO] New connection from 127.0.0.1:52778
2025-04-10 14:29:00,302 [INFO] Connected (version 2.0, client OpenSSH_9.7)
2025-04-10 14:29:00,320 [ERROR] Socket exception: Connection reset by peer (54)
2025-04-10 14:29:00,320 [ERROR] Connection error from ('127.0.0.1', 52778): [Errno 54] Connection reset by peer
2025-04-10 14:36:33,529 [INFO] Shutting down honeypot
2025-04-10 14:36:36,275 [INFO] Honeypot running on 0.0.0.0:2222
2025-04-10 14:36:40,923 [INFO] New connection from 127.0.0.1:52963
2025-04-10 14:36:40,924 [INFO] Connected (version 2.0, client OpenSSH_9.7)
2025-04-10 14:36:44,133 [INFO] Auth rejected (none).
2025-04-10 14:36:44,136 [INFO] Public key auth attempt - Username: username, Fingerprint: bb1292cbe5d854b89463e5ae2f08e0e1
2025-04-10 14:36:44,138 [INFO] Public key auth attempt - Username: username, Fingerprint: bb1292cbe5d854b89463e5ae2f08e0e1
2025-04-10 14:36:44,139 [INFO] Auth granted (publickey).
2025-04-10 14:36:44,141 [INFO] Shell session opened
2025-04-10 14:36:47,211 [INFO] Shell command: ls
2025-04-10 14:36:53,969 [INFO] Shell command: exit
2025-04-10 14:41:30,719 [INFO] Shutting down honeypot
2025-04-10 14:41:38,985 [INFO] Honeypot running on 0.0.0.0:2222
2025-04-10 14:41:49,922 [INFO] New connection from 127.0.0.1:53085
2025-04-10 14:41:49,923 [INFO] Connected (version 2.0, client OpenSSH_9.7)
2025-04-10 14:41:49,937 [INFO] Auth rejected (none).
2025-04-10 14:41:49,937 [INFO] Public key auth attempt - Username: username, Fingerprint: bb1292cbe5d854b89463e5ae2f08e0e1
2025-04-10 14:41:49,938 [INFO] Public key auth attempt - Username: username, Fingerprint: bb1292cbe5d854b89463e5ae2f08e0e1
2025-04-10 14:41:49,938 [INFO] Auth granted (publickey).
2025-04-10 14:41:49,939 [INFO] PTY requested: b'xterm-256color' 176x9
2025-04-10 14:41:49,939 [INFO] Shell session opened
2025-04-10 14:41:51,335 [INFO] Shell command: l
2025-04-10 14:41:51,577 [INFO] Shell command: s
2025-04-10 14:41:51,824 [INFO] Shell command: 
2025-04-10 14:41:53,391 [INFO] Shell command: e
2025-04-10 14:41:53,652 [INFO] Shell command: x
2025-04-10 14:41:54,124 [INFO] Shell command: i
2025-04-10 14:41:54,196 [INFO] Shell command: i
2025-04-10 14:41:54,686 [INFO] Shell command: t
2025-04-10 14:42:31,830 [INFO] Shutting down honeypot
2025-04-10 14:54:57,892 [INFO] Honeypot running on 0.0.0.0:2222
2025-04-10 14:55:06,392 [INFO] New connection from 127.0.0.1:53427
2025-04-10 14:55:06,393 [INFO] Connected (version 2.0, client OpenSSH_9.7)
2025-04-10 14:55:06,406 [INFO] Auth rejected (none).
2025-04-10 14:55:06,407 [INFO] Public key auth attempt - Username: username, Fingerprint: bb1292cbe5d854b89463e5ae2f08e0e1
2025-04-10 14:55:06,407 [INFO] Public key auth attempt - Username: username, Fingerprint: bb1292cbe5d854b89463e5ae2f08e0e1
2025-04-10 14:55:06,408 [INFO] Auth granted (publickey).
2025-04-10 14:55:06,409 [INFO] PTY requested: b'xterm-256color' 176x9
2025-04-10 14:55:06,409 [INFO] Shell session opened
2025-04-10 14:55:18,304 [INFO] Shutting down honeypot
2025-04-10 15:02:49,398 [INFO] Honeypot running on 0.0.0.0:2222
2025-04-10 15:02:54,784 [INFO] New connection from 127.0.0.1:53604
2025-04-10 15:02:54,785 [INFO] Connected (version 2.0, client OpenSSH_9.7)
2025-04-10 15:02:54,798 [INFO] Auth rejected (none).
2025-04-10 15:02:54,799 [INFO] Public key auth attempt - Username: username, Fingerprint: bb1292cbe5d854b89463e5ae2f08e0e1
2025-04-10 15:02:54,800 [INFO] Public key auth attempt - Username: username, Fingerprint: bb1292cbe5d854b89463e5ae2f08e0e1
2025-04-10 15:02:54,801 [INFO] Auth granted (publickey).
2025-04-10 15:02:54,801 [INFO] PTY requested: b'xterm-256color' 176x9
2025-04-10 15:02:54,801 [INFO] Shell session opened
2025-04-10 15:02:54,801 [ERROR] Shell error: module 'paramiko.common' has no attribute 'pty_request'
2025-04-10 15:02:54,801 [INFO] Shell session closed
2025-04-10 15:02:54,802 [INFO] Disconnect (code 11): disconnected by user
2025-04-10 15:03:02,022 [INFO] Shutting down honeypot
2025-04-10 15:04:51,735 [INFO] Honeypot running on 0.0.0.0:2222
2025-04-10 15:04:55,583 [INFO] New connection from 127.0.0.1:53652
2025-04-10 15:04:55,584 [INFO] Connected (version 2.0, client OpenSSH_9.7)
2025-04-10 15:04:55,598 [INFO] Auth rejected (none).
2025-04-10 15:04:55,598 [INFO] Public key auth attempt - Username: username, Fingerprint: bb1292cbe5d854b89463e5ae2f08e0e1
2025-04-10 15:04:55,599 [INFO] Public key auth attempt - Username: username, Fingerprint: bb1292cbe5d854b89463e5ae2f08e0e1
2025-04-10 15:04:55,599 [INFO] Auth granted (publickey).
2025-04-10 15:04:55,600 [INFO] PTY requested: b'xterm-256color' 176x9
2025-04-10 15:04:55,600 [INFO] Shell session opened
2025-04-10 15:04:55,600 [ERROR] Shell error: module 'paramiko.common' has no attribute 'pty_request'
2025-04-10 15:04:55,600 [INFO] Shell session closed
2025-04-10 15:04:55,601 [INFO] Disconnect (code 11): disconnected by user
2025-04-10 15:04:58,620 [INFO] Shutting down honeypot
2025-04-10 15:11:14,958 [INFO] Honeypot running on 0.0.0.0:2222
2025-04-10 15:11:18,196 [INFO] New connection from 127.0.0.1:53800
2025-04-10 15:11:18,197 [INFO] Connected (version 2.0, client OpenSSH_9.7)
2025-04-10 15:11:18,210 [INFO] Auth rejected (none).
2025-04-10 15:11:18,210 [INFO] Public key auth attempt - Username: username, Fingerprint: bb1292cbe5d854b89463e5ae2f08e0e1
2025-04-10 15:11:18,211 [INFO] Public key auth attempt - Username: username, Fingerprint: bb1292cbe5d854b89463e5ae2f08e0e1
2025-04-10 15:11:18,211 [INFO] Auth granted (publickey).
2025-04-10 15:11:18,212 [INFO] Disconnect (code 11): disconnected by user
2025-04-10 15:18:46,440 [INFO] Shutting down honeypot
2025-04-10 15:43:31,082 [INFO] Starting SSH honeypot on port 2222
2025-04-10 15:43:31,082 [INFO] Honeypot running. Press Ctrl+C to stop.
2025-04-10 15:43:48,247 [INFO] New connection from ('127.0.0.1', 54924)
2025-04-10 15:43:48,257 [INFO] Connected (version 2.0, client OpenSSH_9.7)
2025-04-10 15:43:48,277 [ERROR] Socket exception: Connection reset by peer (54)
2025-04-10 15:43:48,277 [ERROR] Connection error: [Errno 54] Connection reset by peer
2025-04-10 15:44:00,982 [INFO] New connection from ('127.0.0.1', 54934)
2025-04-10 15:44:00,983 [INFO] Connected (version 2.0, client OpenSSH_9.7)
2025-04-10 15:44:00,990 [ERROR] Socket exception: Connection reset by peer (54)
2025-04-10 15:44:00,990 [ERROR] Connection error: [Errno 54] Connection reset by peer
2025-04-10 15:44:04,468 [INFO] New connection from ('127.0.0.1', 54939)
2025-04-10 15:44:04,468 [INFO] Connected (version 2.0, client OpenSSH_9.7)
2025-04-10 15:44:04,474 [ERROR] Socket exception: Connection reset by peer (54)
2025-04-10 15:44:04,474 [ERROR] Connection error: [Errno 54] Connection reset by peer
2025-04-10 15:44:23,246 [INFO] SSH honeypot stopped
2025-04-10 15:48:47,987 [INFO] SSH honeypot started on port 2222
2025-04-10 15:48:47,987 [INFO] Press Ctrl+C to stop the honeypot
2025-04-10 15:48:51,234 [INFO] New connection from ('127.0.0.1', 55061)
2025-04-10 15:48:51,235 [INFO] Connected (version 2.0, client OpenSSH_9.7)
2025-04-10 15:48:51,262 [INFO] Auth rejected (none).
2025-04-10 15:49:29,389 [INFO] Password auth attempt: test:password
2025-04-10 15:49:29,389 [INFO] Auth granted (password).
2025-04-10 15:49:29,392 [INFO] Disconnect (code 11): disconnected by user
2025-04-10 15:49:40,338 [INFO] SSH honeypot stopped
2025-04-10 16:05:21,326 [INFO] SSH honeypot started on port 2222
2025-04-10 16:05:21,326 [INFO] Press Ctrl+C to stop the honeypot
2025-04-10 16:05:53,526 [INFO] New connection from ('127.0.0.1', 55465)
2025-04-10 16:05:53,526 [INFO] Connected (version 2.0, client OpenSSH_9.7)
2025-04-10 16:05:53,546 [INFO] Auth rejected (none).
2025-04-10 16:06:00,171 [INFO] Password auth attempt: username:password
2025-04-10 16:06:00,172 [INFO] Auth granted (password).
2025-04-10 16:06:00,174 [INFO] Starting shell session
2025-04-10 16:06:03,442 [INFO] Command received: ls
2025-04-10 16:06:09,441 [INFO] Command received: ls
2025-04-10 16:06:12,045 [INFO] Command received: cd
2025-04-10 16:06:15,921 [INFO] Disconnect (code 11): disconnected by user
2025-04-10 16:07:01,368 [INFO] SSH honeypot stopped
2025-04-10 16:25:42,716 [INFO] SSH Honeypot running on port 2222
2025-04-10 16:25:45,782 [INFO] SSH Honeypot stopped
2025-04-10 16:25:50,136 [INFO] SSH Honeypot running on port 2222
2025-04-10 16:26:12,219 [INFO] Connected (version 2.0, client paramiko_3.5.1)
2025-04-10 16:26:12,232 [INFO] Auth rejected (publickey).
2025-04-10 16:26:12,233 [INFO] Authentication attempt: test:test
2025-04-10 16:26:12,233 [INFO] Auth granted (password).
2025-04-10 16:26:12,259 [INFO] Connected (version 2.0, client paramiko_3.5.1)
2025-04-10 16:26:12,269 [INFO] Auth rejected (publickey).
2025-04-10 16:26:12,269 [INFO] Authentication attempt: admin:admin
2025-04-10 16:26:12,269 [INFO] Auth granted (password).
2025-04-10 16:26:29,414 [INFO] Connected (version 2.0, client paramiko_3.5.1)
2025-04-10 16:26:29,421 [INFO] Auth rejected (publickey).
2025-04-10 16:26:29,421 [INFO] Authentication attempt: test:test
2025-04-10 16:26:29,421 [INFO] Auth granted (password).
2025-04-10 16:26:29,440 [INFO] Connected (version 2.0, client paramiko_3.5.1)
2025-04-10 16:26:29,446 [INFO] Auth rejected (publickey).
2025-04-10 16:26:29,446 [INFO] Authentication attempt: admin:admin
2025-04-10 16:26:29,446 [INFO] Auth granted (password).
2025-04-10 16:26:54,884 [INFO] SSH Honeypot stopped
2025-04-10 16:38:31,187 [INFO] SSH Honeypot running on port 2222
2025-04-10 16:38:37,739 [INFO] Connected (version 2.0, client paramiko_3.5.1)
2025-04-10 16:38:37,767 [INFO] Auth rejected (publickey).
2025-04-10 16:38:37,767 [INFO] Authentication attempt: test:test
2025-04-10 16:38:37,767 [INFO] Auth granted (password).
2025-04-10 16:38:37,768 [INFO] Exec command: test-command
2025-04-10 16:39:23,168 [INFO] SSH Honeypot stopped
2025-04-10 16:39:37,187 [INFO] SSH Honeypot running on port 2222
2025-04-10 16:39:42,006 [INFO] Connected (version 2.0, client paramiko_3.5.1)
2025-04-10 16:39:42,016 [INFO] Auth rejected (publickey).
2025-04-10 16:39:42,017 [INFO] Authentication attempt: test:test
2025-04-10 16:39:42,017 [INFO] Auth granted (password).
2025-04-10 16:39:42,017 [INFO] Exec command: test-command
2025-04-10 16:39:57,933 [INFO] SSH Honeypot stopped
2025-04-10 17:04:42,100 [INFO] SSH Honeypot running on port 2222
2025-04-10 17:06:21,427 [INFO] SSH Honeypot stopped
2025-04-10 17:06:31,242 [INFO] SSH Honeypot running on port 2222
2025-04-10 17:06:41,799 [INFO] SSH Honeypot stopped
2025-04-10 17:16:54,058 [INFO] SSH Honeypot running on port 2222
2025-04-10 17:17:44,345 [INFO] SSH Honeypot stopped
2025-04-10 17:26:04,969 [INFO] SSH Honeypot running on port 2222
2025-04-10 17:27:03,198 [INFO] SSH Honeypot stopped
2025-04-10 17:37:12,799 [INFO] SSH Honeypot running on port 2222
2025-04-10 17:37:26,685 [INFO] SSH Honeypot stopped
2025-04-10 17:37:40,026 [INFO] SSH Honeypot running on port 2222
2025-04-10 17:38:38,381 [INFO] SSH Honeypot stopped
2025-04-10 17:38:38,460 [INFO] SSH Honeypot running on port 2222
2025-04-10 17:40:04,922 [INFO] SSH Honeypot stopped
2025-04-10 17:42:18,944 [INFO] SSH Honeypot running on port 2222
2025-04-10 17:42:41,470 [INFO] SSH Honeypot stopped
2025-04-10 17:46:51,961 [INFO] 🚀 SSH Honeypot running on port 2222
2025-04-10 17:48:50,551 [INFO] 🛑 SSH Honeypot stopped
2025-04-11 11:28:42,562 [INFO] SSH Honeypot running on port 2222
2025-04-11 11:29:38,171 [INFO] SSH Honeypot stopped
2025-04-11 11:34:37,887 [INFO] SSH Honeypot running on port 2222
2025-04-11 11:45:34,047 [INFO] SSH Honeypot stopped
2025-04-11 11:49:12,763 [INFO] SSH Honeypot running on port 2222
2025-04-11 11:52:14,135 [INFO] SSH Honeypot stopped
2025-04-11 11:52:20,355 [INFO] SSH Honeypot running on port 2222
2025-04-11 11:54:11,309 [INFO] Connected (version 2.0, client OpenSSH_9.7)
2025-04-11 11:54:11,340 [INFO] Auth rejected (none).
2025-04-11 11:54:15,349 [INFO] Authentication: user:pass
2025-04-11 11:54:15,350 [INFO] Auth granted (password).
2025-04-11 11:54:27,434 [INFO] SSH Honeypot stopped
2025-04-11 12:00:37,180 [INFO] SSH Honeypot running on port 2222
2025-04-11 12:02:04,298 [INFO] Connected (version 2.0, client OpenSSH_9.7)
2025-04-11 12:02:04,331 [INFO] Auth rejected (none).
2025-04-11 12:02:07,574 [INFO] Authentication: test:test
2025-04-11 12:02:07,575 [INFO] Auth granted (password).
2025-04-11 12:02:30,176 [INFO] SSH Honeypot stopped
2025-04-11 12:05:56,060 [INFO] SSH Honeypot running on port 2222
2025-04-11 12:07:05,576 [INFO] Connected (version 2.0, client OpenSSH_9.7)
2025-04-11 12:07:05,584 [ERROR] Socket exception: Connection reset by peer (54)
2025-04-11 12:07:21,699 [INFO] SSH Honeypot stopped
2025-04-11 12:07:22,051 [INFO] SSH Honeypot running on port 2222
2025-04-11 12:07:24,888 [INFO] Connected (version 2.0, client OpenSSH_9.7)
2025-04-11 12:07:24,898 [INFO] Auth rejected (none).
2025-04-11 12:07:27,333 [INFO] Authentication: test:test
2025-04-11 12:07:27,333 [INFO] Auth granted (password).
2025-04-11 12:07:30,065 [INFO] Shell command: ls
2025-04-11 12:07:34,051 [INFO] Disconnect (code 11): disconnected by user
2025-04-11 12:08:26,265 [INFO] SSH Honeypot stopped
2025-04-13 17:40:23,646 [INFO] SSH Honeypot running on port 2222
2025-04-13 17:40:42,169 [INFO] Connected (version 2.0, client OpenSSH_9.7)
2025-04-13 17:40:42,201 [INFO] Auth rejected (none).
2025-04-13 17:40:55,926 [INFO] Authentication: test:test
2025-04-13 17:40:55,926 [INFO] Auth granted (password).
2025-04-13 17:41:01,348 [INFO] Shell command: ls
2025-04-13 17:41:03,773 [INFO] Disconnect (code 11): disconnected by user
2025-04-13 17:41:10,384 [INFO] SSH Honeypot stopped
2025-04-17 14:04:35,976 [INFO] SSH Honeypot running on port 2222
2025-04-17 14:04:55,062 [INFO] Connected (version 2.0, client OpenSSH_9.7)
2025-04-17 14:04:55,092 [INFO] Auth rejected (none).
2025-04-17 14:04:57,755 [INFO] Authentication: test:test
2025-04-17 14:04:57,755 [INFO] Auth granted (password).
2025-04-17 14:05:00,147 [INFO] Shell command: ls
2025-04-17 14:05:04,336 [INFO] Shell command: pwd
2025-04-17 14:05:24,831 [INFO] Disconnect (code 11): disconnected by user
2025-04-17 14:05:28,927 [INFO] SSH Honeypot stopped
2025-04-17 14:12:08,690 [INFO] SSH Honeypot running on port 2222
2025-04-17 14:12:15,461 [INFO] Connected (version 2.0, client OpenSSH_9.7)
2025-04-17 14:12:15,479 [INFO] Auth rejected (none).
2025-04-17 14:12:18,280 [INFO] Authentication: test:tst
2025-04-17 14:12:18,281 [INFO] Auth granted (password).
2025-04-17 14:12:20,148 [INFO] Shell command: ls
2025-04-17 14:12:30,280 [INFO] Shell command: ls -a
2025-04-17 14:12:34,240 [INFO] Disconnect (code 11): disconnected by user
2025-04-17 14:12:38,752 [INFO] SSH Honeypot stopped
2025-04-17 14:19:24,630 [INFO] SSH Honeypot running on port 2222
2025-04-17 14:19:30,065 [INFO] Connected (version 2.0, client OpenSSH_9.7)
2025-04-17 14:19:30,092 [INFO] Auth rejected (none).
2025-04-17 14:19:33,755 [INFO] Authentication: test:test
2025-04-17 14:19:33,755 [INFO] Auth granted (password).
2025-04-17 14:19:36,348 [INFO] Shell command: ls
2025-04-17 14:19:46,969 [INFO] Disconnect (code 11): disconnected by user
2025-04-17 14:19:52,412 [INFO] SSH Honeypot stopped
2025-04-17 14:26:09,647 [INFO] SSH Honeypot running on port 2222
2025-04-17 14:26:14,193 [INFO] Connected (version 2.0, client OpenSSH_9.7)
2025-04-17 14:26:14,213 [INFO] Auth rejected (none).
2025-04-17 14:26:17,420 [INFO] Authentication: test:test
2025-04-17 14:26:17,421 [INFO] Auth granted (password).
2025-04-17 14:26:23,441 [INFO] Shell command: ls
2025-04-17 14:26:34,134 [INFO] Disconnect (code 11): disconnected by user
2025-04-17 14:26:37,081 [INFO] SSH Honeypot stopped
2025-04-17 14:27:11,801 [INFO] SSH Honeypot running on port 2222
2025-04-17 14:27:19,403 [INFO] Connected (version 2.0, client OpenSSH_9.7)
2025-04-17 14:27:19,423 [INFO] Auth rejected (none).
2025-04-17 14:27:22,294 [INFO] Authentication: user:pass
2025-04-17 14:27:22,294 [INFO] Auth granted (password).
2025-04-17 14:27:24,931 [INFO] Shell command: ls
2025-04-17 14:27:28,379 [INFO] Disconnect (code 11): disconnected by user
2025-04-17 14:27:30,624 [INFO] SSH Honeypot stopped
2025-04-17 14:51:30,739 [INFO] SSH Honeypot running on port 2222
2025-04-17 14:51:36,210 [INFO] Connected (version 2.0, client OpenSSH_9.7)
2025-04-17 14:51:36,241 [INFO] Auth rejected (none).
2025-04-17 14:51:40,383 [INFO] Authentication: user:pass
2025-04-17 14:51:40,383 [INFO] Auth granted (password).
2025-04-17 14:51:42,204 [INFO] Shell command: ls
2025-04-17 14:51:54,908 [INFO] Disconnect (code 11): disconnected by user
2025-04-17 14:51:57,573 [INFO] SSH Honeypot stopped
2025-04-17 15:01:13,638 [INFO] SSH Honeypot running on port 2222
2025-04-17 15:01:17,036 [INFO] Connected (version 2.0, client OpenSSH_9.7)
2025-04-17 15:01:17,054 [INFO] Auth rejected (none).
2025-04-17 15:01:24,131 [INFO] Authentication: user:pass
2025-04-17 15:01:24,131 [INFO] Auth granted (password).
2025-04-17 15:01:25,691 [INFO] Shell command: ls
2025-04-17 15:01:28,022 [INFO] Disconnect (code 11): disconnected by user
2025-04-17 15:01:32,428 [INFO] SSH Honeypot stopped
2025-04-17 15:55:59,061 [INFO] SSH Honeypot running on port 2222
2025-04-17 15:56:36,105 [INFO] Connected (version 2.0, client OpenSSH_9.7)
2025-04-17 15:56:36,142 [INFO] Auth rejected (none).
2025-04-17 15:56:39,956 [INFO] Authentication: user:pass
2025-04-17 15:56:39,956 [INFO] Auth granted (password).
2025-04-17 15:56:41,763 [INFO] Shell command: ls
2025-04-17 15:57:13,901 [INFO] Shell command: whoami
2025-04-17 15:57:17,084 [INFO] Shell command: id
2025-04-17 15:57:22,130 [INFO] Shell command: uname -a
2025-04-17 15:57:28,726 [INFO] Shell command: ifconfig
2025-04-17 15:57:31,883 [INFO] Shell command: help
2025-04-17 15:57:39,044 [INFO] SSH Honeypot stopped
2025-04-21 10:01:16,295 [INFO] SSH Honeypot running on port 2222
2025-04-21 10:02:36,997 [INFO] SSH Honeypot stopped
2025-04-21 10:08:27,081 [INFO] SSH Honeypot running on port 2222
2025-04-21 10:08:39,579 [INFO] SSH Honeypot stopped
2025-04-21 10:08:47,738 [INFO] SSH Honeypot running on port 2222
2025-04-21 10:08:55,756 [INFO] Connected (version 2.0, client OpenSSH_9.7)
2025-04-21 10:08:55,783 [INFO] Auth rejected (none).
2025-04-21 10:09:21,189 [INFO] Authentication: user:pass
2025-04-21 10:09:21,189 [INFO] Auth granted (password).
2025-04-21 10:09:22,920 [INFO] Shell command: l
2025-04-21 10:09:23,144 [INFO] Shell command: s
2025-04-21 10:09:23,378 [INFO] Shell command: 
2025-04-21 10:09:24,894 [INFO] Shell command: l
2025-04-21 10:09:25,055 [INFO] Shell command: s
2025-04-21 10:09:41,977 [INFO] SSH Honeypot stopped
2025-04-21 10:09:42,318 [INFO] SSH Honeypot running on port 2222
2025-04-21 10:09:47,949 [INFO] Connected (version 2.0, client OpenSSH_9.7)
2025-04-21 10:09:47,970 [INFO] Auth rejected (none).
2025-04-21 10:09:50,079 [INFO] Authentication: user:pass
2025-04-21 10:09:50,080 [INFO] Auth granted (password).
2025-04-21 10:09:51,685 [INFO] Shell command: ls
2025-04-21 10:10:01,573 [INFO] Shell command: whoami
2025-04-21 10:10:04,379 [INFO] Disconnect (code 11): disconnected by user
2025-04-21 10:19:32,899 [INFO] SSH Honeypot stopped
